[0m21:11:02.271983 [debug] [MainThread]: Sending event: {'category': 'dbt', 'action': 'invocation', 'label': 'start', 'context': [<snowplow_tracker.self_describing_json.SelfDescribingJson object at 0x00000226078F48F0>, <snowplow_tracker.self_describing_json.SelfDescribingJson object at 0x00000226078F5700>, <snowplow_tracker.self_describing_json.SelfDescribingJson object at 0x0000022605082E40>]}


============================== 21:11:02.287637 | b731e33c-832c-4b93-bd25-16dfb9d076a2 ==============================
[0m21:11:02.287637 [info ] [MainThread]: Running with dbt=1.8.3
[0m21:11:02.287637 [debug] [MainThread]: running dbt with arguments {'printer_width': '80', 'indirect_selection': 'eager', 'write_json': 'True', 'log_cache_events': 'False', 'partial_parse': 'True', 'cache_selected_only': 'False', 'warn_error': 'None', 'version_check': 'True', 'profiles_dir': 'C:\\Users\\tayha\\.dbt', 'log_path': 'logs', 'fail_fast': 'False', 'debug': 'False', 'use_colors': 'True', 'use_experimental_parser': 'False', 'empty': 'None', 'quiet': 'False', 'no_print': 'None', 'log_format': 'default', 'static_parser': 'True', 'invocation_command': 'dbt init', 'introspect': 'True', 'target_path': 'None', 'warn_error_options': 'WarnErrorOptions(include=[], exclude=[])', 'send_anonymous_usage_stats': 'True'}
[0m21:11:02.319323 [warn ] [MainThread]: [ConfigFolderDirectory]: Unable to parse dict {'dir': WindowsPath('C:/Users/tayha/.dbt')}
[0m21:11:02.319323 [info ] [MainThread]: Creating dbt configuration folder at 
[0m21:12:06.240381 [debug] [MainThread]: Starter project path: C:\Users\tayha\AppData\Local\Programs\Python\Python312\Lib\site-packages\dbt\include\starter_project
[0m21:12:06.270221 [info ] [MainThread]: 
Your new dbt project "datalakehouse" was created!

For more information on how to configure the profiles.yml file,
please consult the dbt documentation here:

  https://docs.getdbt.com/docs/configure-your-profile

One more thing:

Need help? Don't hesitate to reach out to us via GitHub issues or on Slack:

  https://community.getdbt.com/

Happy modeling!

[0m21:12:06.277125 [info ] [MainThread]: Setting up your profile.
[0m21:15:36.322350 [info ] [MainThread]: Profile datalakehouse written to C:\Users\tayha\.dbt\profiles.yml using target's profile_template.yml and your supplied values. Run 'dbt debug' to validate the connection.
[0m21:15:36.323476 [debug] [MainThread]: Command `dbt init` succeeded at 21:15:36.323476 after 274.13 seconds
[0m21:15:36.323476 [debug] [MainThread]: Sending event: {'category': 'dbt', 'action': 'invocation', 'label': 'end', 'context': [<snowplow_tracker.self_describing_json.SelfDescribingJson object at 0x0000022608366AB0>, <snowplow_tracker.self_describing_json.SelfDescribingJson object at 0x00000226084A7C80>, <snowplow_tracker.self_describing_json.SelfDescribingJson object at 0x00000226083F7410>]}
[0m21:15:36.323476 [debug] [MainThread]: Flushing usage events
